# Logfile created on Thu Nov 18 19:34:38 -0500 2010

Processing UserSessionsController#new (for 173.88.242.32 at 2010-11-18 19:35:16) [GET]
  Parameters: {"action"=>"new", "controller"=>"user_sessions"}

ActiveRecord::StatementInvalid (Could not find table 'sessions'):
  authlogic (2.1.6) lib/authlogic/session/session.rb:48:in `session_credentials'
  authlogic (2.1.6) lib/authlogic/session/session.rb:33:in `persist_by_session'
  authlogic (2.1.6) lib/authlogic/session/callbacks.rb:90:in `persist'
  authlogic (2.1.6) lib/authlogic/session/persistence.rb:55:in `persisting?'
  authlogic (2.1.6) lib/authlogic/session/persistence.rb:39:in `find'
  app/controllers/application_controller.rb:12:in `current_user_session'
  app/controllers/application_controller.rb:17:in `current_user'
  app/controllers/application_controller.rb:30:in `require_no_user'
  /usr/lib/ruby/1.8/webrick/httpserver.rb:104:in `service'
  /usr/lib/ruby/1.8/webrick/httpserver.rb:65:in `run'
  /usr/lib/ruby/1.8/webrick/server.rb:173:in `start_thread'
  /usr/lib/ruby/1.8/webrick/server.rb:162:in `start'
  /usr/lib/ruby/1.8/webrick/server.rb:162:in `start_thread'
  /usr/lib/ruby/1.8/webrick/server.rb:95:in `start'
  /usr/lib/ruby/1.8/webrick/server.rb:92:in `each'
  /usr/lib/ruby/1.8/webrick/server.rb:92:in `start'
  /usr/lib/ruby/1.8/webrick/server.rb:23:in `start'
  /usr/lib/ruby/1.8/webrick/server.rb:82:in `start'

Rendered rescues/_trace (69.1ms)
Rendered rescues/_request_and_response (2.0ms)
Rendering rescues/layout (internal_server_error)


Processing UserSessionsController#new (for 173.88.242.32 at 2010-11-18 19:35:23) [GET]
  Parameters: {"action"=>"new", "controller"=>"user_sessions"}

ActiveRecord::StatementInvalid (Could not find table 'sessions'):
  authlogic (2.1.6) lib/authlogic/session/session.rb:48:in `session_credentials'
  authlogic (2.1.6) lib/authlogic/session/session.rb:33:in `persist_by_session'
  authlogic (2.1.6) lib/authlogic/session/callbacks.rb:90:in `persist'
  authlogic (2.1.6) lib/authlogic/session/persistence.rb:55:in `persisting?'
  authlogic (2.1.6) lib/authlogic/session/persistence.rb:39:in `find'
  app/controllers/application_controller.rb:12:in `current_user_session'
  app/controllers/application_controller.rb:17:in `current_user'
  app/controllers/application_controller.rb:30:in `require_no_user'
  /usr/lib/ruby/1.8/webrick/httpserver.rb:104:in `service'
  /usr/lib/ruby/1.8/webrick/httpserver.rb:65:in `run'
  /usr/lib/ruby/1.8/webrick/server.rb:173:in `start_thread'
  /usr/lib/ruby/1.8/webrick/server.rb:162:in `start'
  /usr/lib/ruby/1.8/webrick/server.rb:162:in `start_thread'
  /usr/lib/ruby/1.8/webrick/server.rb:95:in `start'
  /usr/lib/ruby/1.8/webrick/server.rb:92:in `each'
  /usr/lib/ruby/1.8/webrick/server.rb:92:in `start'
  /usr/lib/ruby/1.8/webrick/server.rb:23:in `start'
  /usr/lib/ruby/1.8/webrick/server.rb:82:in `start'

Rendered rescues/_trace (151.0ms)
Rendered rescues/_request_and_response (0.3ms)
Rendering rescues/layout (internal_server_error)
  [4;36;1mSQL (0.7ms)[0m   [0;1m SELECT name
 FROM sqlite_master
 WHERE type = 'table' AND NOT name = 'sqlite_sequence'
[0m
  [4;35;1mSQL (0.3ms)[0m   [0mselect sqlite_version(*)[0m
  [4;36;1mSQL (0.0ms)[0m   [0;1mSQLite3::SQLException: attempt to write a readonly database: CREATE TABLE "schema_migrations" ("version" varchar(255) NOT NULL) [0m
  [4;36;1mSQL (0.2ms)[0m   [0;1m SELECT name
 FROM sqlite_master
 WHERE type = 'table' AND NOT name = 'sqlite_sequence'
[0m
  [4;35;1mSQL (0.2ms)[0m   [0mselect sqlite_version(*)[0m
  [4;36;1mSQL (16.8ms)[0m   [0;1mCREATE TABLE "schema_migrations" ("version" varchar(255) NOT NULL) [0m
  [4;35;1mSQL (10.3ms)[0m   [0mCREATE UNIQUE INDEX "unique_schema_migrations" ON "schema_migrations" ("version")[0m
  [4;36;1mSQL (0.5ms)[0m   [0;1m SELECT name
 FROM sqlite_master
 WHERE type = 'table' AND NOT name = 'sqlite_sequence'
[0m
  [4;35;1mSQL (0.2ms)[0m   [0mSELECT version FROM schema_migrations[0m
Migrating to CreateUsers (20081103171327)
  [4;36;1mSQL (1.4ms)[0m   [0;1mCREATE TABLE "users" ("id" INTEGER PRIMARY KEY AUTOINCREMENT NOT NULL, "created_at" datetime, "updated_at" datetime, "login" varchar(255) NOT NULL, "crypted_password" varchar(255) NOT NULL, "password_salt" varchar(255) NOT NULL, "persistence_token" varchar(255) NOT NULL, "login_count" integer DEFAULT 0 NOT NULL, "last_request_at" datetime, "last_login_at" datetime, "current_login_at" datetime, "last_login_ip" varchar(255), "current_login_ip" varchar(255)) [0m
  [4;35;1mSQL (0.6ms)[0m   [0mCREATE INDEX "index_users_on_login" ON "users" ("login")[0m
  [4;36;1mSQL (0.4ms)[0m   [0;1mCREATE INDEX "index_users_on_persistence_token" ON "users" ("persistence_token")[0m
  [4;35;1mSQL (0.3ms)[0m   [0mCREATE INDEX "index_users_on_last_request_at" ON "users" ("last_request_at")[0m
  [4;36;1mSQL (0.2ms)[0m   [0;1mINSERT INTO schema_migrations (version) VALUES ('20081103171327')[0m
Migrating to CreateSessions (20081106072031)
  [4;35;1mSQL (1.1ms)[0m   [0mCREATE TABLE "sessions" ("id" INTEGER PRIMARY KEY AUTOINCREMENT NOT NULL, "session_id" varchar(255) NOT NULL, "data" text, "created_at" datetime, "updated_at" datetime) [0m
  [4;36;1mSQL (0.4ms)[0m   [0;1mCREATE INDEX "index_sessions_on_session_id" ON "sessions" ("session_id")[0m
  [4;35;1mSQL (0.4ms)[0m   [0mCREATE INDEX "index_sessions_on_updated_at" ON "sessions" ("updated_at")[0m
  [4;36;1mSQL (0.2ms)[0m   [0;1mINSERT INTO schema_migrations (version) VALUES ('20081106072031')[0m
  [4;35;1mSQL (0.6ms)[0m   [0m SELECT name
 FROM sqlite_master
 WHERE type = 'table' AND NOT name = 'sqlite_sequence'
[0m
  [4;36;1mSQL (0.4ms)[0m   [0;1mSELECT version FROM schema_migrations[0m
  [4;35;1mSQL (0.5ms)[0m   [0m SELECT name
 FROM sqlite_master
 WHERE type = 'table' AND NOT name = 'sqlite_sequence'
[0m
  [4;36;1mSQL (0.3ms)[0m   [0;1mPRAGMA index_list("sessions")[0m
  [4;35;1mSQL (0.3ms)[0m   [0mPRAGMA index_info('index_sessions_on_updated_at')[0m
  [4;36;1mSQL (0.3ms)[0m   [0;1mPRAGMA index_info('index_sessions_on_session_id')[0m
  [4;35;1mSQL (0.4ms)[0m   [0mPRAGMA index_list("users")[0m
  [4;36;1mSQL (0.2ms)[0m   [0;1mPRAGMA index_info('index_users_on_last_request_at')[0m
  [4;35;1mSQL (0.3ms)[0m   [0mPRAGMA index_info('index_users_on_persistence_token')[0m
  [4;36;1mSQL (0.2ms)[0m   [0;1mPRAGMA index_info('index_users_on_login')[0m


Processing UserSessionsController#new (for 173.88.242.32 at 2010-11-18 19:36:40) [GET]
  Parameters: {"action"=>"new", "controller"=>"user_sessions"}
Rendering template within layouts/application
Rendering user_sessions/new
  [4;36;1mSQL (0.6ms)[0m   [0;1mSELECT count(*) AS count_all FROM "users" WHERE (last_request_at > '2010-11-19 00:26:40') [0m
Completed in 166ms (View: 122, DB: 1) | 200 OK [http://173.88.242.32/]


Processing UserSessionsController#new (for 173.88.242.32 at 2010-11-18 19:37:00) [GET]
  Parameters: {"action"=>"new", "controller"=>"user_sessions"}
Rendering template within layouts/application
Rendering user_sessions/new
  [4;35;1mSQL (0.3ms)[0m   [0mSELECT count(*) AS count_all FROM "users" WHERE (last_request_at > '2010-11-19 00:27:00') [0m
Completed in 37ms (View: 8, DB: 1) | 200 OK [http://173.88.242.32/]


Processing UserSessionsController#new (for 173.88.242.32 at 2010-11-18 19:37:05) [GET]
  Parameters: {"action"=>"new", "controller"=>"user_sessions"}
Rendering template within layouts/application
Rendering user_sessions/new
  [4;36;1mSQL (0.4ms)[0m   [0;1mSELECT count(*) AS count_all FROM "users" WHERE (last_request_at > '2010-11-19 00:27:05') [0m
Completed in 32ms (View: 8, DB: 1) | 200 OK [http://173.88.242.32/]


Processing UserSessionsController#new (for 173.88.242.32 at 2010-11-18 19:41:00) [GET]
  Parameters: {"action"=>"new", "controller"=>"user_sessions"}
Rendering template within layouts/application
Rendering user_sessions/new
  [4;35;1mSQL (0.4ms)[0m   [0mSELECT count(*) AS count_all FROM "users" WHERE (last_request_at > '2010-11-19 00:31:00') [0m
Completed in 35ms (View: 14, DB: 1) | 200 OK [http://173.88.242.32/]


Processing ApplicationController#new (for 173.88.242.32 at 2010-11-19 02:39:49) [GET]
  Parameters: {"action"=>"new", "controller"=>"user_sessions"}

SyntaxError (/home/fractalis/dev/authlogic_example/app/controllers/user_sessions_controller.rb:12: odd number list for Hash
		:charName = request.headers['HTTP_EVE_CHARNAME'],
		           ^
/home/fractalis/dev/authlogic_example/app/controllers/user_sessions_controller.rb:12: syntax error, unexpected '=', expecting '}'
		:charName = request.headers['HTTP_EVE_CHARNAME'],
		           ^
/home/fractalis/dev/authlogic_example/app/controllers/user_sessions_controller.rb:13: syntax error, unexpected '=', expecting tCOLON2 or '[' or '.'
		:charId = request.headers['HTTP_EVE_CHARID'],
		         ^
/home/fractalis/dev/authlogic_example/app/controllers/user_sessions_controller.rb:14: syntax error, unexpected '=', expecting tCOLON2 or '[' or '.'
		:corpName = request.headers['HTTP_EVE_CORPNAME'],
		           ^
/home/fractalis/dev/authlogic_example/app/controllers/user_sessions_controller.rb:15: syntax error, unexpected '=', expecting tCOLON2 or '[' or '.'
		:corpId = request.headers['HTTP_EVE_CORPID'],
		         ^
/home/fractalis/dev/authlogic_example/app/controllers/user_sessions_controller.rb:16: syntax error, unexpected '=', expecting tCOLON2 or '[' or '.'
		:allianceName = request.headers['HTTP_EVE_ALLIANCENAME'],
		               ^
/home/fractalis/dev/authlogic_example/app/controllers/user_sessions_controller.rb:17: syntax error, unexpected '=', expecting tCOLON2 or '[' or '.'
		:allianceId = request.headers['HTTP_EVE_ALLIANCEID'],
		             ^
/home/fractalis/dev/authlogic_example/app/controllers/user_sessions_controller.rb:18: syntax error, unexpected '=', expecting tCOLON2 or '[' or '.'
		:regionName = request.headers['HTTP_EVE_REGIONNAME'],
		             ^
/home/fractalis/dev/authlogic_example/app/controllers/user_sessions_controller.rb:19: syntax error, unexpected '=', expecting tCOLON2 or '[' or '.'
		:solarSystem = request.headers['HTTP_EVE_SOLARSYSTEMNAME'],
		              ^
/home/fractalis/dev/authlogic_example/app/controllers/user_sessions_controller.rb:20: syntax error, unexpected '=', expecting tCOLON2 or '[' or '.'
		:stationName = request.headers['HTTP_EVE_STATIONNAME'],
		              ^
/home/fractalis/dev/authlogic_example/app/controllers/user_sessions_controller.rb:21: syntax error, unexpected '=', expecting tCOLON2 or '[' or '.'
		:corpRole = request.headers['HTTP_EVE_CORPROLE']
		           ^
/home/fractalis/dev/authlogic_example/app/controllers/user_sessions_controller.rb:22: syntax error, unexpected '}', expecting kEND
/home/fractalis/dev/authlogic_example/app/controllers/user_sessions_controller.rb:42: syntax error, unexpected $end, expecting kEND):
  /usr/lib/ruby/1.8/webrick/httpserver.rb:104:in `service'
  /usr/lib/ruby/1.8/webrick/httpserver.rb:65:in `run'
  /usr/lib/ruby/1.8/webrick/server.rb:173:in `start_thread'
  /usr/lib/ruby/1.8/webrick/server.rb:162:in `start'
  /usr/lib/ruby/1.8/webrick/server.rb:162:in `start_thread'
  /usr/lib/ruby/1.8/webrick/server.rb:95:in `start'
  /usr/lib/ruby/1.8/webrick/server.rb:92:in `each'
  /usr/lib/ruby/1.8/webrick/server.rb:92:in `start'
  /usr/lib/ruby/1.8/webrick/server.rb:23:in `start'
  /usr/lib/ruby/1.8/webrick/server.rb:82:in `start'

Rendered rescues/_trace (121.7ms)
Rendered rescues/_request_and_response (2.1ms)
Rendering rescues/layout (internal_server_error)


Processing UserSessionsController#new (for 173.88.242.32 at 2010-11-19 02:41:00) [GET]
  Parameters: {"action"=>"new", "controller"=>"user_sessions"}
Rendering template within layouts/application
Rendering user_sessions/new
  [4;36;1mSQL (0.6ms)[0m   [0;1mSELECT count(*) AS count_all FROM "users" WHERE (last_request_at > '2010-11-19 07:31:00') [0m
Completed in 44ms (View: 17, DB: 1) | 200 OK [http://173.88.242.32/]


Processing UserSessionsController#new (for 173.88.242.32 at 2010-11-19 02:41:14) [GET]
  Parameters: {"action"=>"new", "controller"=>"user_sessions"}
Rendering template within layouts/application
Rendering user_sessions/new
  [4;35;1mSQL (0.4ms)[0m   [0mSELECT count(*) AS count_all FROM "users" WHERE (last_request_at > '2010-11-19 07:31:14') [0m
Completed in 31ms (View: 7, DB: 1) | 200 OK [http://173.88.242.32/]


Processing UsersController#new (for 173.88.242.32 at 2010-11-19 02:41:20) [GET]
  Parameters: {"action"=>"new", "controller"=>"users"}
Rendering template within layouts/application
Rendering users/new
Rendered users/_form (2.1ms)
  [4;36;1mSQL (0.4ms)[0m   [0;1mSELECT count(*) AS count_all FROM "users" WHERE (last_request_at > '2010-11-19 07:31:20') [0m
Completed in 47ms (View: 21, DB: 1) | 200 OK [http://173.88.242.32/account/new]


Processing UserSessionsController#new (for 173.88.242.32 at 2010-11-19 02:44:27) [GET]
  Parameters: {"action"=>"new", "controller"=>"user_sessions"}
Rendering template within layouts/application
Rendering user_sessions/new
  [4;35;1mSQL (0.4ms)[0m   [0mSELECT count(*) AS count_all FROM "users" WHERE (last_request_at > '2010-11-19 07:34:27') [0m
Completed in 35ms (View: 14, DB: 1) | 200 OK [http://173.88.242.32/]


Processing UserSessionsController#new (for 173.88.242.32 at 2010-11-19 02:45:24) [GET]
  Parameters: {"action"=>"new", "controller"=>"user_sessions"}
Rendering template within layouts/application
Rendering user_sessions/new
Completed in 31ms (View: 11, DB: 0) | 200 OK [http://173.88.242.32/]


Processing UsersController#new (for 173.88.242.32 at 2010-11-19 02:45:30) [GET]
  Parameters: {"action"=>"new", "controller"=>"users"}
Rendering template within layouts/application
Rendering users/new
Rendered users/_form (1.3ms)
Completed in 40ms (View: 11, DB: 1) | 200 OK [http://173.88.242.32/account/new]


Processing UserSessionsController#new (for 173.88.242.32 at 2010-11-19 03:42:23) [GET]
  Parameters: {"action"=>"new", "controller"=>"user_sessions"}
Rendering template within layouts/application
Rendering user_sessions/new
Completed in 30ms (View: 6, DB: 0) | 200 OK [http://173.88.242.32/]
